2023-08-02 14:35:02 +0000  Initial pipeline context: <IDEDistributionProcessingPipelineContext: 0x2f4bad2c0; archive(resolved)="<IDEArchive: 0x600400819680>", distributionTask(resolved)="2", distributionDestination(resolved)="1", distributionMethod(resolved)="<IDEDistributionMethodiOSAppStoreDistribution: 0x60001af3e0c0>", team(resolved)="<IDEProvisioningDisambiguatableBasicTeam: 0x6000030a72c0; teamID='Y6H4935CS2', teamName='LISEC Austria GmbH', teamType='Company', username='harshavardhan.bellipady@lisec.com', isFreeProvisioningTeam='0'>">
	Chain (16, self inclusive):
	<IDEDistributionProcessingPipelineContext: 0x2f4bad2c0; archive = "<IDEArchive: 0x600400819680>", distributionMethod="<IDEDistributionMethodiOSAppStoreDistribution: 0x60001af3e0c0>", team="<IDEProvisioningDisambiguatableBasicTeam: 0x6000030a72c0; teamID='Y6H4935CS2', teamName='LISEC Austria GmbH', teamType='Company', username='harshavardhan.bellipady@lisec.com', isFreeProvisioningTeam='0'>">
	<IDEDistributionProcessingPipelineContext: 0x2f4beb3e0; archive = "<IDEArchive: 0x600400819680>", distributionMethod="<IDEDistributionMethodiOSAppStoreDistribution: 0x60001af3e0c0>", team="<IDEProvisioningDisambiguatableBasicTeam: 0x6000030a72c0; teamID='Y6H4935CS2', teamName='LISEC Austria GmbH', teamType='Company', username='harshavardhan.bellipady@lisec.com', isFreeProvisioningTeam='0'>">
	<IDEDistributionContext: 0x2f4f34280; archive = "<IDEArchive: 0x600400819680>", distributionMethod="<IDEDistributionMethodiOSAppStoreDistribution: 0x60001af3e0c0>", team="<IDEProvisioningDisambiguatableBasicTeam: 0x6000030a72c0; teamID='Y6H4935CS2', teamName='LISEC Austria GmbH', teamType='Company', username='harshavardhan.bellipady@lisec.com', isFreeProvisioningTeam='0'>">
	<IDEDistributionContext: 0x2ef826d70; archive = "<IDEArchive: 0x600400819680>", distributionMethod="<IDEDistributionMethodiOSAppStoreDistribution: 0x60001af3e0c0>", team="<IDEProvisioningDisambiguatableBasicTeam: 0x6000030a72c0; teamID='Y6H4935CS2', teamName='LISEC Austria GmbH', teamType='Company', username='harshavardhan.bellipady@lisec.com', isFreeProvisioningTeam='0'>">
	<IDEDistributionContext: 0x2ef826b50; archive = "<IDEArchive: 0x600400819680>", distributionMethod="<IDEDistributionMethodiOSAppStoreDistribution: 0x60001af3e0c0>", team="<IDEProvisioningDisambiguatableBasicTeam: 0x6000030a72c0; teamID='Y6H4935CS2', teamName='LISEC Austria GmbH', teamType='Company', username='harshavardhan.bellipady@lisec.com', isFreeProvisioningTeam='0'>">
	<IDEDistributionContext: 0x2ef826330; archive = "<IDEArchive: 0x600400819680>", distributionMethod="<IDEDistributionMethodiOSAppStoreDistribution: 0x60001af3e0c0>", team="<IDEProvisioningDisambiguatableBasicTeam: 0x6000030a72c0; teamID='Y6H4935CS2', teamName='LISEC Austria GmbH', teamType='Company', username='harshavardhan.bellipady@lisec.com', isFreeProvisioningTeam='0'>">
	<IDEDistributionContext: 0x2f095c560; archive = "<IDEArchive: 0x600400819680>", distributionMethod="<IDEDistributionMethodiOSAppStoreDistribution: 0x60001af3e0c0>", team="<IDEProvisioningDisambiguatableBasicTeam: 0x6000030a72c0; teamID='Y6H4935CS2', teamName='LISEC Austria GmbH', teamType='Company', username='harshavardhan.bellipady@lisec.com', isFreeProvisioningTeam='0'>">
	<IDEDistributionContext: 0x2ef825ed0; archive = "<IDEArchive: 0x600400819680>", distributionMethod="<IDEDistributionMethodiOSAppStoreDistribution: 0x60001af3e0c0>", team="<IDEProvisioningDisambiguatableBasicTeam: 0x6000030a72c0; teamID='Y6H4935CS2', teamName='LISEC Austria GmbH', teamType='Company', username='harshavardhan.bellipady@lisec.com', isFreeProvisioningTeam='0'>">
	<IDEDistributionContext: 0x2ef825cb0; archive = "<IDEArchive: 0x600400819680>", distributionMethod="<IDEDistributionMethodiOSAppStoreDistribution: 0x60001af3e0c0>", team="<IDEProvisioningDisambiguatableBasicTeam: 0x6000030a72c0; teamID='Y6H4935CS2', teamName='LISEC Austria GmbH', teamType='Company', username='harshavardhan.bellipady@lisec.com', isFreeProvisioningTeam='0'>">
	<IDEDistributionContext: 0x2b23a99d0; archive = "<IDEArchive: 0x600400819680>", distributionMethod="<IDEDistributionMethodiOSAppStoreDistribution: 0x60001af3e0c0>", team="<IDEProvisioningDisambiguatableBasicTeam: 0x6000030a72c0; teamID='Y6H4935CS2', teamName='LISEC Austria GmbH', teamType='Company', username='harshavardhan.bellipady@lisec.com', isFreeProvisioningTeam='0'>">
	<IDEDistributionContext: 0x2ef8250f0; archive = "<IDEArchive: 0x600400819680>", distributionMethod="<IDEDistributionMethodiOSAppStoreDistribution: 0x60001af3e0c0>", team="<IDEProvisioningDisambiguatableBasicTeam: 0x6000030a72c0; teamID='Y6H4935CS2', teamName='LISEC Austria GmbH', teamType='Company', username='harshavardhan.bellipady@lisec.com', isFreeProvisioningTeam='0'>">
	<IDEDistributionContext: 0x2ef824ed0; archive = "<IDEArchive: 0x600400819680>", distributionMethod="<IDEDistributionMethodiOSAppStoreDistribution: 0x60001af3e0c0>", team="<IDEProvisioningDisambiguatableBasicTeam: 0x6000030a72c0; teamID='Y6H4935CS2', teamName='LISEC Austria GmbH', teamType='Company', username='harshavardhan.bellipady@lisec.com', isFreeProvisioningTeam='0'>">
	<IDEDistributionContext: 0x2cec9cca0; archive = "<IDEArchive: 0x600400819680>", distributionMethod="<IDEDistributionMethodiOSAppStoreDistribution: 0x60001af3e0c0>", team="<IDEProvisioningDisambiguatableBasicTeam: 0x6000030a72c0; teamID='Y6H4935CS2', teamName='LISEC Austria GmbH', teamType='Company', username='harshavardhan.bellipady@lisec.com', isFreeProvisioningTeam='0'>">
	<IDEDistributionContext: 0x2ef824cb0; archive = "<IDEArchive: 0x600400819680>", distributionMethod="<IDEDistributionMethodiOSAppStoreDistribution: 0x60001af3e0c0>", team="(null)">
	<IDEDistributionContext: 0x2f4bf0f70; archive = "<IDEArchive: 0x600400819680>", distributionMethod="<IDEDistributionMethodiOSAppStoreDistribution: 0x60001af3e0c0>", team="(null)">
	<IDEDistributionContext: 0x44a6bf900; archive = "<IDEArchive: 0x600400819680>", distributionMethod="(null)", team="(null)">
</IDEDistributionProcessingPipelineContext: 0x2f4bad2c0>
2023-08-02 14:35:02 +0000  Processing step: IDEDistributionCreateDestRootStep
2023-08-02 14:35:02 +0000  Processing step: IDEDistributionCopyItemStep
2023-08-02 14:35:02 +0000  Running /usr/bin/ditto '-V' '/Users/harshavardhanbellipady/Library/Developer/Xcode/Archives/2023-08-02/LisAuthenticator 02-08-2023, 18.24.xcarchive/Products/Applications/LisAuthenticator.app' '/var/folders/l2/m74_vhcx4d901w1y1j1k5dkh0000gn/T/XcodeDistPipeline.~~~zsa1If/Root/Payload/LisAuthenticator.app'
2023-08-02 14:35:02 +0000  >>> Copying /Users/harshavardhanbellipady/Library/Developer/Xcode/Archives/2023-08-02/LisAuthenticator 02-08-2023, 18.24.xcarchive/Products/Applications/LisAuthenticator.app 
2023-08-02 14:35:02 +0000  copying file ./_CodeSignature/CodeResources ... 
2023-08-02 14:35:02 +0000  16954 bytes for ./_CodeSignature/CodeResources
2023-08-02 14:35:02 +0000  copying file ./Roboto-Medium.ttf ... 
2023-08-02 14:35:02 +0000  171656 bytes for ./Roboto-Medium.ttf
2023-08-02 14:35:02 +0000  copying file ./Roboto-Regular.ttf ... 
2023-08-02 14:35:02 +0000  171272 bytes for ./Roboto-Regular.ttf
2023-08-02 14:35:02 +0000  copying file ./AppIcon60x60@2x.png ... 
2023-08-02 14:35:02 +0000  8112 bytes for ./AppIcon60x60@2x.png
2023-08-02 14:35:02 +0000  copying file ./AccessibilityResources.bundle/en.lproj/Localizable.strings ... 
2023-08-02 14:35:02 +0000  518 bytes for ./AccessibilityResources.bundle/en.lproj/Localizable.strings
2023-08-02 14:35:02 +0000  copying file ./AccessibilityResources.bundle/Info.plist ... 
2023-08-02 14:35:02 +0000  794 bytes for ./AccessibilityResources.bundle/Info.plist
2023-08-02 14:35:02 +0000  copying file ./LisAuthenticator ... 
2023-08-02 14:35:02 +0000  3590768 bytes for ./LisAuthenticator
2023-08-02 14:35:02 +0000  copying file ./Assets.car ... 
2023-08-02 14:35:02 +0000  283823 bytes for ./Assets.car
2023-08-02 14:35:02 +0000  copying file ./main.jsbundle ... 
2023-08-02 14:35:02 +0000  5450494 bytes for ./main.jsbundle
2023-08-02 14:35:02 +0000  copying file ./LaunchScreen.storyboardc/01J-lp-oVM-view-Ze5-6b-2t3.nib ... 
2023-08-02 14:35:02 +0000  2841 bytes for ./LaunchScreen.storyboardc/01J-lp-oVM-view-Ze5-6b-2t3.nib
2023-08-02 14:35:02 +0000  copying file ./LaunchScreen.storyboardc/UIViewController-01J-lp-oVM.nib ... 
2023-08-02 14:35:02 +0000  896 bytes for ./LaunchScreen.storyboardc/UIViewController-01J-lp-oVM.nib
2023-08-02 14:35:02 +0000  copying file ./LaunchScreen.storyboardc/Info.plist ... 
2023-08-02 14:35:02 +0000  258 bytes for ./LaunchScreen.storyboardc/Info.plist
2023-08-02 14:35:02 +0000  copying file ./embedded.mobileprovision ... 
2023-08-02 14:35:02 +0000  19637 bytes for ./embedded.mobileprovision
2023-08-02 14:35:02 +0000  copying file ./assets/node_modules/lisecmobutilities/src/utilities/images/lisec.png ... 
2023-08-02 14:35:02 +0000  31595 bytes for ./assets/node_modules/lisecmobutilities/src/utilities/images/lisec.png
2023-08-02 14:35:02 +0000  copying file ./assets/node_modules/lisecmobutilities/src/utilities/images/initial_loader.gif ... 
2023-08-02 14:35:02 +0000  1028829 bytes for ./assets/node_modules/lisecmobutilities/src/utilities/images/initial_loader.gif
2023-08-02 14:35:02 +0000  copying file ./assets/node_modules/lisecmobutilities/src/utilities/images/light/logoutlight.png ... 
2023-08-02 14:35:02 +0000  1779 bytes for ./assets/node_modules/lisecmobutilities/src/utilities/images/light/logoutlight.png
2023-08-02 14:35:02 +0000  copying file ./assets/node_modules/lisecmobutilities/src/utilities/images/dark/logout.png ... 
2023-08-02 14:35:02 +0000  1654 bytes for ./assets/node_modules/lisecmobutilities/src/utilities/images/dark/logout.png
2023-08-02 14:35:02 +0000  copying file ./assets/node_modules/lisecmobutilities/src/utilities/images/dark/usericon.png ... 
2023-08-02 14:35:02 +0000  6878 bytes for ./assets/node_modules/lisecmobutilities/src/utilities/images/dark/usericon.png
2023-08-02 14:35:02 +0000  copying file ./assets/node_modules/limobcomponents/litable/image/right-arrow-light.png ... 
2023-08-02 14:35:02 +0000  468 bytes for ./assets/node_modules/limobcomponents/litable/image/right-arrow-light.png
2023-08-02 14:35:02 +0000  copying file ./assets/node_modules/limobcomponents/litable/image/tick.png ... 
2023-08-02 14:35:02 +0000  2278 bytes for ./assets/node_modules/limobcomponents/litable/image/tick.png
copying file ./assets/node_modules/limobcomponents/litable/image/left-arrow.png ... 
2023-08-02 14:35:02 +0000  2646 bytes for ./assets/node_modules/limobcomponents/litable/image/left-arrow.png
2023-08-02 14:35:02 +0000  copying file ./assets/node_modules/limobcomponents/litable/image/clear.png ... 
2023-08-02 14:35:02 +0000  489 bytes for ./assets/node_modules/limobcomponents/litable/image/clear.png
2023-08-02 14:35:02 +0000  copying file ./assets/node_modules/limobcomponents/litable/image/left-arrow-light.png ... 
2023-08-02 14:35:02 +0000  457 bytes for ./assets/node_modules/limobcomponents/litable/image/left-arrow-light.png
2023-08-02 14:35:02 +0000  copying file ./assets/node_modules/limobcomponents/litable/image/right-arrow-dark.png ... 
2023-08-02 14:35:02 +0000  2601 bytes for ./assets/node_modules/limobcomponents/litable/image/right-arrow-dark.png
2023-08-02 14:35:02 +0000  copying file ./assets/node_modules/limobcomponents/litable/image/checktick.png ... 
2023-08-02 14:35:02 +0000  464 bytes for ./assets/node_modules/limobcomponents/litable/image/checktick.png
2023-08-02 14:35:02 +0000  copying file ./assets/node_modules/limobcomponents/litable/image/close.png ... 
2023-08-02 14:35:02 +0000  15358 bytes for ./assets/node_modules/limobcomponents/litable/image/close.png
2023-08-02 14:35:02 +0000  copying file ./assets/node_modules/react-native-router-flux/images/menu_burger.png ... 
2023-08-02 14:35:02 +0000  706 bytes for ./assets/node_modules/react-native-router-flux/images/menu_burger.png
2023-08-02 14:35:02 +0000  copying file ./assets/node_modules/react-native-router-flux/images/back_chevron.png ... 
2023-08-02 14:35:02 +0000  575 bytes for ./assets/node_modules/react-native-router-flux/images/back_chevron.png
2023-08-02 14:35:02 +0000  copying file ./assets/node_modules/react-navigation-stack/lib/module/vendor/views/assets/back-icon@3x.png ... 
2023-08-02 14:35:02 +0000  761 bytes for ./assets/node_modules/react-navigation-stack/lib/module/vendor/views/assets/back-icon@3x.png
2023-08-02 14:35:02 +0000  copying file ./assets/node_modules/react-navigation-stack/lib/module/vendor/views/assets/back-icon@2x.png ... 
2023-08-02 14:35:02 +0000  405 bytes for ./assets/node_modules/react-navigation-stack/lib/module/vendor/views/assets/back-icon@2x.png
2023-08-02 14:35:02 +0000  copying file ./assets/node_modules/react-navigation-stack/lib/module/vendor/views/assets/back-icon.png ... 
2023-08-02 14:35:02 +0000  290 bytes for ./assets/node_modules/react-navigation-stack/lib/module/vendor/views/assets/back-icon.png
2023-08-02 14:35:02 +0000  copying file ./assets/node_modules/react-navigation-stack/lib/module/vendor/views/assets/back-icon-mask.png ... 
2023-08-02 14:35:02 +0000  913 bytes for ./assets/node_modules/react-navigation-stack/lib/module/vendor/views/assets/back-icon-mask.png
2023-08-02 14:35:02 +0000  copying file ./assets/src/image/LisAuthenticator.png ... 
2023-08-02 14:35:02 +0000  11564 bytes for ./assets/src/image/LisAuthenticator.png
2023-08-02 14:35:02 +0000  copying file ./assets/src/image/drawer.png ... 
2023-08-02 14:35:02 +0000  1860 bytes for ./assets/src/image/drawer.png
2023-08-02 14:35:02 +0000  copying file ./assets/src/image/scanner.png ... 
2023-08-02 14:35:02 +0000  7655 bytes for ./assets/src/image/scanner.png
2023-08-02 14:35:02 +0000  copying file ./assets/src/image/light/homeicon.png ... 
2023-08-02 14:35:02 +0000  4215 bytes for ./assets/src/image/light/homeicon.png
2023-08-02 14:35:02 +0000  copying file ./assets/src/image/light/accounticonlight.png ... 
2023-08-02 14:35:02 +0000  7251 bytes for ./assets/src/image/light/accounticonlight.png
2023-08-02 14:35:02 +0000  copying file ./assets/src/image/light/usericon.png ... 
2023-08-02 14:35:02 +0000  7251 bytes for ./assets/src/image/light/usericon.png
2023-08-02 14:35:02 +0000  copying file ./assets/src/image/light/secured_password.png ... 
2023-08-02 14:35:02 +0000  14162 bytes for ./assets/src/image/light/secured_password.png
2023-08-02 14:35:02 +0000  copying file ./assets/src/image/light/QR_CODE.png ... 
2023-08-02 14:35:02 +0000  13782 bytes for ./assets/src/image/light/QR_CODE.png
2023-08-02 14:35:02 +0000  copying file ./assets/src/image/light/settingsiconlight.png ... 
2023-08-02 14:35:02 +0000  9628 bytes for ./assets/src/image/light/settingsiconlight.png
2023-08-02 14:35:02 +0000  copying file ./assets/src/image/light/settingsicon.png ... 
2023-08-02 14:35:02 +0000  9628 bytes for ./assets/src/image/light/settingsicon.png
2023-08-02 14:35:02 +0000  copying file ./assets/src/image/light/about.png ... 
2023-08-02 14:35:02 +0000  2155 bytes for ./assets/src/image/light/about.png
2023-08-02 14:35:02 +0000  copying file ./assets/src/image/light/reload.png ... 
2023-08-02 14:35:02 +0000  14287 bytes for ./assets/src/image/light/reload.png
2023-08-02 14:35:02 +0000  copying file ./assets/src/image/dark/homeicon.png ... 
2023-08-02 14:35:02 +0000  3313 bytes for ./assets/src/image/dark/homeicon.png
2023-08-02 14:35:02 +0000  copying file ./assets/src/image/dark/settingsicondark.png ... 
2023-08-02 14:35:02 +0000  8054 bytes for ./assets/src/image/dark/settingsicondark.png
2023-08-02 14:35:02 +0000  copying file ./assets/src/image/dark/accounticondark.png ... 
2023-08-02 14:35:02 +0000  6878 bytes for ./assets/src/image/dark/accounticondark.png
2023-08-02 14:35:02 +0000  copying file ./assets/src/image/dark/usericon.png ... 
2023-08-02 14:35:02 +0000  6878 bytes for ./assets/src/image/dark/usericon.png
2023-08-02 14:35:02 +0000  copying file ./assets/src/image/dark/secured_password.png ... 
2023-08-02 14:35:02 +0000  15204 bytes for ./assets/src/image/dark/secured_password.png
2023-08-02 14:35:02 +0000  copying file ./assets/src/image/dark/QR_CODE.png ... 
2023-08-02 14:35:02 +0000  12106 bytes for ./assets/src/image/dark/QR_CODE.png
2023-08-02 14:35:02 +0000  copying file ./assets/src/image/dark/settingsicon.png ... 
2023-08-02 14:35:02 +0000  8054 bytes for ./assets/src/image/dark/settingsicon.png
2023-08-02 14:35:02 +0000  copying file ./assets/src/image/dark/about.png ... 
2023-08-02 14:35:02 +0000  5293 bytes for ./assets/src/image/dark/about.png
2023-08-02 14:35:02 +0000  copying file ./assets/src/image/dark/refresh.png ... 
2023-08-02 14:35:02 +0000  19720 bytes for ./assets/src/image/dark/refresh.png
2023-08-02 14:35:02 +0000  copying file ./assets/src/image/backArrow.png ... 
2023-08-02 14:35:02 +0000  379 bytes for ./assets/src/image/backArrow.png
2023-08-02 14:35:02 +0000  copying file ./assets/src/image/lisauthtransparent.png ... 
2023-08-02 14:35:02 +0000  9480 bytes for ./assets/src/image/lisauthtransparent.png
2023-08-02 14:35:02 +0000  copying file ./Info.plist ... 
2023-08-02 14:35:02 +0000  1725 bytes for ./Info.plist
2023-08-02 14:35:02 +0000  copying file ./PkgInfo ... 
2023-08-02 14:35:02 +0000  8 bytes for ./PkgInfo
2023-08-02 14:35:02 +0000  /usr/bin/ditto exited with 0
2023-08-02 14:35:02 +0000  Processing step: IDEDistributionEmbedProfileStep
2023-08-02 14:35:03 +0000  Processing step: IDEDistributionInfoPlistStep
2023-08-02 14:35:03 +0000  Skipping setting DTXcodeBuildDistribution because toolsBuildVersionName was nil.
2023-08-02 14:35:03 +0000  Processing step: IDEDistributionItemRemovalStep
2023-08-02 14:35:03 +0000  Processing step: IDEDistributionAppThinningPlistStep
2023-08-02 14:35:03 +0000  Skipping step: IDEDistributionAppThinningPlistStep because it said so
2023-08-02 14:35:03 +0000  Processing step: IDEDistributionCompileBitcodeStep
2023-08-02 14:35:03 +0000  Skipping step: IDEDistributionCompileBitcodeStep because it said so
2023-08-02 14:35:03 +0000  Processing step: IDEDistributionCodeSlimmingStep
2023-08-02 14:35:03 +0000  Processing step: IDEDistributionCopyBCSymbolMapsStep
2023-08-02 14:35:03 +0000  Processing step: IDEDistributionSymbolsStep
2023-08-02 14:35:03 +0000  Processing symbols for LisAuthenticator.app
2023-08-02 14:35:03 +0000  Running /usr/bin/rsync '-8aPhhE' '/var/folders/l2/m74_vhcx4d901w1y1j1k5dkh0000gn/T/XcodeDistPipeline.~~~zsa1If/Root/Payload/LisAuthenticator.app' '--link-dest' '/var/folders/l2/m74_vhcx4d901w1y1j1k5dkh0000gn/T/XcodeDistPipeline.~~~zsa1If/Root/Payload' '/var/folders/l2/m74_vhcx4d901w1y1j1k5dkh0000gn/T/XcodeDistPipeline.~~~zsa1If'
2023-08-02 14:35:03 +0000  building file list ... 
2023-08-02 14:35:03 +0000   0 files...2023-08-02 14:35:03 +0000  86 files to consider
2023-08-02 14:35:03 +0000  LisAuthenticator.app/
2023-08-02 14:35:03 +0000  LisAuthenticator.app/AccessibilityResources.bundle/
LisAuthenticator.app/AccessibilityResources.bundle/en.lproj/
LisAuthenticator.app/Frameworks/
LisAuthenticator.app/LaunchScreen.storyboardc/
LisAuthenticator.app/_CodeSignature/
LisAuthenticator.app/assets/
2023-08-02 14:35:03 +0000  LisAuthenticator.app/assets/node_modules/
LisAuthenticator.app/assets/node_modules/limobcomponents/
LisAuthenticator.app/assets/node_modules/limobcomponents/litable/
LisAuthenticator.app/assets/node_modules/limobcomponents/litable/image/
LisAuthenticator.app/assets/node_modules/lisecmobutilities/
LisAuthenticator.app/assets/node_modules/lisecmobutilities/src/
LisAuthenticator.app/assets/node_modules/lisecmobutilities/src/utilities/
LisAuthenticator.app/assets/node_modules/lisecmobutilities/src/utilities/images/
LisAuthenticator.app/assets/node_modules/lisecmobutilities/src/utilities/images/dark/
LisAuthenticator.app/assets/node_modules/lisecmobutilities/src/utilities/images/light/
LisAuthenticator.app/assets/node_modules/react-native-router-flux/
LisAuthenticator.app/assets/node_modules/react-native-router-flux/images/
LisAuthenticator.app/assets/node_modules/react-navigation-stack/
LisAuthenticator.app/assets/node_modules/react-navigation-stack/lib/
LisAuthenticator.app/assets/node_modules/react-navigation-stack/lib/module/
LisAuthenticator.app/assets/node_modules/react-navigation-stack/lib/module/vendor/
LisAuthenticator.app/assets/node_modules/react-navigation-stack/lib/module/vendor/views/
LisAuthenticator.app/assets/node_modules/react-navigation-stack/lib/module/vendor/views/assets/
LisAuthenticator.app/assets/src/
LisAuthenticator.app/assets/src/image/
LisAuthenticator.app/assets/src/image/dark/
LisAuthenticator.app/assets/src/image/light/
2023-08-02 14:35:03 +0000  
2023-08-02 14:35:03 +0000  sent 2.34K bytes  received 194 bytes  5.07K bytes/sec
total size is 10.50M  speedup is 4242.86
2023-08-02 14:35:03 +0000  /usr/bin/rsync exited with 0
2023-08-02 14:35:03 +0000  Running /usr/bin/rsync '-8aPhhE' '/Users/harshavardhanbellipady/Library/Developer/Xcode/Archives/2023-08-02/LisAuthenticator 02-08-2023, 18.24.xcarchive/dSYMs/' '--link-dest' '/Users/harshavardhanbellipady/Library/Developer/Xcode/Archives/2023-08-02/LisAuthenticator 02-08-2023, 18.24.xcarchive/dSYMs/' '/var/folders/l2/m74_vhcx4d901w1y1j1k5dkh0000gn/T/XcodeDistPipeline.~~~zsa1If'
2023-08-02 14:35:03 +0000  building file list ... 
2023-08-02 14:35:03 +0000   0 files...2023-08-02 14:35:03 +0000  7 files to consider
2023-08-02 14:35:03 +0000  ./
2023-08-02 14:35:03 +0000  LisAuthenticator.app.dSYM/
LisAuthenticator.app.dSYM/Contents/
LisAuthenticator.app.dSYM/Contents/Resources/
LisAuthenticator.app.dSYM/Contents/Resources/DWARF/
2023-08-02 14:35:03 +0000  
2023-08-02 14:35:03 +0000  sent 273 bytes  received 50 bytes  646.00 bytes/sec
total size is 25.65M  speedup is 83282.03
2023-08-02 14:35:03 +0000  /usr/bin/rsync exited with 0
2023-08-02 14:35:03 +0000  Writing /var/folders/l2/m74_vhcx4d901w1y1j1k5dkh0000gn/T/XcodeDistPipeline.~~~zsa1If/Symbols/A54086B9-209C-3B46-9397-3A3F12E80429.symbols
2023-08-02 14:35:03 +0000  Processing step: IDEDistributionCopyAppleProvidedContentStep
2023-08-02 14:35:03 +0000  Processing step: IDEDistributionAppThinningStep
2023-08-02 14:35:03 +0000  Skipping step: IDEDistributionAppThinningStep because it said so
2023-08-02 14:35:03 +0000  Processing step: IDEDistributionArchThinningStep
2023-08-02 14:35:03 +0000  Running /Applications/Xcode.app/Contents/Developer/Toolchains/XcodeDefault.xctoolchain/usr/bin/lipo '/var/folders/l2/m74_vhcx4d901w1y1j1k5dkh0000gn/T/XcodeDistPipeline.~~~zsa1If/Root/Payload/LisAuthenticator.app/LisAuthenticator' '-verify_arch' 'arm64e'
2023-08-02 14:35:03 +0000  /Applications/Xcode.app/Contents/Developer/Toolchains/XcodeDefault.xctoolchain/usr/bin/lipo exited with 1
2023-08-02 14:35:03 +0000  Skipping architecture thinning for item "LisAuthenticator" because arch "arm64e" wasn't found
2023-08-02 14:35:03 +0000  Processing step: IDEDistributionODRStep
2023-08-02 14:35:03 +0000  Processing step: IDEDistributionStripXattrsStep
2023-08-02 14:35:03 +0000  Running /usr/bin/xattr '-crs' '/var/folders/l2/m74_vhcx4d901w1y1j1k5dkh0000gn/T/XcodeDistPipeline.~~~zsa1If/Root/Payload/LisAuthenticator.app'
2023-08-02 14:35:03 +0000  /usr/bin/xattr exited with 0
2023-08-02 14:35:03 +0000  Processing step: IDEDistributionCodesignStep
2023-08-02 14:35:03 +0000  Entitlements for <IDEDistributionItem: 0x600400839560; bundleID='com.lisec.lis.lisecauthenticator', path='<DVTFilePath:0x6000387b8310:'/Users/harshavardhanbellipady/Library/Developer/Xcode/Archives/2023-08-02/LisAuthenticator 02-08-2023, 18.24.xcarchive/Products/Applications/LisAuthenticator.app'>', codeSigningInfo='<_DVTCodeSigningInformation_Path: 0x600074dbfb10; isSigned='1', isAdHocSigned='0', signingCertificate='<DVTSigningCertificate: 0x60014dbc0000; name='Apple Development: Harshavardhan Bellipady (Y93XRNTT4Y)', hash='736A89D670778C957D9BEC46EE3C32C16498B673', serialNumber='74012EBCDE5EBB5D878D1A7B7AB0E0F8', certificateKinds='(
    "1.2.840.113635.100.6.1.12",
    "1.2.840.113635.100.6.1.2"
), issueDate='2023-05-29 11:55:54 +0000''>', entitlements='{
    "application-identifier" = "Y6H4935CS2.com.lisec.lis.lisecauthenticator";
    "com.apple.developer.team-identifier" = Y6H4935CS2;
    "get-task-allow" = 1;
}', teamID='Y6H4935CS2', identifier='com.lisec.lis.lisecauthenticator', executablePath='<DVTFilePath:0x60002c75c930:'/Users/harshavardhanbellipady/Library/Developer/Xcode/Archives/2023-08-02/LisAuthenticator 02-08-2023, 18.24.xcarchive/Products/Applications/LisAuthenticator.app/LisAuthenticator'>', hardenedRuntime='0'>'>: {
    "application-identifier" = "Y6H4935CS2.com.lisec.lis.lisecauthenticator";
    "beta-reports-active" = 1;
    "com.apple.developer.team-identifier" = Y6H4935CS2;
    "get-task-allow" = 0;
}
2023-08-02 14:35:03 +0000  Entitlements for <IDEDistributionItem: 0x600400839560; bundleID='com.lisec.lis.lisecauthenticator', path='<DVTFilePath:0x6000387b8310:'/Users/harshavardhanbellipady/Library/Developer/Xcode/Archives/2023-08-02/LisAuthenticator 02-08-2023, 18.24.xcarchive/Products/Applications/LisAuthenticator.app'>', codeSigningInfo='<_DVTCodeSigningInformation_Path: 0x600074dbfb10; isSigned='1', isAdHocSigned='0', signingCertificate='<DVTSigningCertificate: 0x60014dbc0210; name='Apple Development: Harshavardhan Bellipady (Y93XRNTT4Y)', hash='736A89D670778C957D9BEC46EE3C32C16498B673', serialNumber='74012EBCDE5EBB5D878D1A7B7AB0E0F8', certificateKinds='(
    "1.2.840.113635.100.6.1.12",
    "1.2.840.113635.100.6.1.2"
), issueDate='2023-05-29 11:55:54 +0000''>', entitlements='{
    "application-identifier" = "Y6H4935CS2.com.lisec.lis.lisecauthenticator";
    "com.apple.developer.team-identifier" = Y6H4935CS2;
    "get-task-allow" = 1;
}', teamID='Y6H4935CS2', identifier='com.lisec.lis.lisecauthenticator', executablePath='<DVTFilePath:0x60002c75c930:'/Users/harshavardhanbellipady/Library/Developer/Xcode/Archives/2023-08-02/LisAuthenticator 02-08-2023, 18.24.xcarchive/Products/Applications/LisAuthenticator.app/LisAuthenticator'>', hardenedRuntime='0'>'> are: {
    "application-identifier" = "Y6H4935CS2.com.lisec.lis.lisecauthenticator";
    "beta-reports-active" = 1;
    "com.apple.developer.team-identifier" = Y6H4935CS2;
    "get-task-allow" = 0;
}
2023-08-02 14:35:03 +0000  Writing entitlements for <IDEDistributionItem: 0x600400839560; bundleID='com.lisec.lis.lisecauthenticator', path='<DVTFilePath:0x6000387b8310:'/Users/harshavardhanbellipady/Library/Developer/Xcode/Archives/2023-08-02/LisAuthenticator 02-08-2023, 18.24.xcarchive/Products/Applications/LisAuthenticator.app'>', codeSigningInfo='<_DVTCodeSigningInformation_Path: 0x600074dbfb10; isSigned='1', isAdHocSigned='0', signingCertificate='<DVTSigningCertificate: 0x60014dbc0370; name='Apple Development: Harshavardhan Bellipady (Y93XRNTT4Y)', hash='736A89D670778C957D9BEC46EE3C32C16498B673', serialNumber='74012EBCDE5EBB5D878D1A7B7AB0E0F8', certificateKinds='(
    "1.2.840.113635.100.6.1.12",
    "1.2.840.113635.100.6.1.2"
), issueDate='2023-05-29 11:55:54 +0000''>', entitlements='{
    "application-identifier" = "Y6H4935CS2.com.lisec.lis.lisecauthenticator";
    "com.apple.developer.team-identifier" = Y6H4935CS2;
    "get-task-allow" = 1;
}', teamID='Y6H4935CS2', identifier='com.lisec.lis.lisecauthenticator', executablePath='<DVTFilePath:0x60002c75c930:'/Users/harshavardhanbellipady/Library/Developer/Xcode/Archives/2023-08-02/LisAuthenticator 02-08-2023, 18.24.xcarchive/Products/Applications/LisAuthenticator.app/LisAuthenticator'>', hardenedRuntime='0'>'> to: /var/folders/l2/m74_vhcx4d901w1y1j1k5dkh0000gn/T/XcodeDistPipeline.~~~zsa1If/entitlements~~~bHEkjx
2023-08-02 14:35:03 +0000  Running /usr/bin/codesign '-vvv' '--force' '--sign' '8492CA085BB63E83A59DCC96C7A1B69B8F9A087C' '--entitlements' '/var/folders/l2/m74_vhcx4d901w1y1j1k5dkh0000gn/T/XcodeDistPipeline.~~~zsa1If/entitlements~~~bHEkjx' '--generate-entitlement-der' '--preserve-metadata=identifier,flags,runtime' '/var/folders/l2/m74_vhcx4d901w1y1j1k5dkh0000gn/T/XcodeDistPipeline.~~~zsa1If/Root/Payload/LisAuthenticator.app'
2023-08-02 14:35:03 +0000  /var/folders/l2/m74_vhcx4d901w1y1j1k5dkh0000gn/T/XcodeDistPipeline.~~~zsa1If/Root/Payload/LisAuthenticator.app: replacing existing signature
2023-08-02 14:35:03 +0000  /var/folders/l2/m74_vhcx4d901w1y1j1k5dkh0000gn/T/XcodeDistPipeline.~~~zsa1If/Root/Payload/LisAuthenticator.app: signed app bundle with Mach-O thin (arm64) [com.lisec.lis.lisecauthenticator]
2023-08-02 14:35:03 +0000  /usr/bin/codesign exited with 0
2023-08-02 14:35:03 +0000  Processing step: IDEDistributionZipODRItemStep
2023-08-02 14:35:03 +0000  Skipping step: IDEDistributionZipODRItemStep because it said so
2023-08-02 14:35:03 +0000  Processing step: IDEDistributionCreateIPAStep
2023-08-02 14:35:03 +0000  Running /usr/bin/rsync '-8aPhhE' '/var/folders/l2/m74_vhcx4d901w1y1j1k5dkh0000gn/T/XcodeDistPipeline.~~~zsa1If/Symbols' '--link-dest' '/var/folders/l2/m74_vhcx4d901w1y1j1k5dkh0000gn/T/XcodeDistPipeline.~~~zsa1If' '/var/folders/l2/m74_vhcx4d901w1y1j1k5dkh0000gn/T/XcodeDistPipeline.~~~zsa1If/Root'
2023-08-02 14:35:03 +0000  building file list ... 
2023-08-02 14:35:03 +0000   0 files...2023-08-02 14:35:03 +0000  2 files to consider
2023-08-02 14:35:03 +0000  Symbols/
2023-08-02 14:35:03 +0000  
2023-08-02 14:35:03 +0000  sent 159 bytes  received 26 bytes  370.00 bytes/sec
total size is 7.48M  speedup is 42404.65
2023-08-02 14:35:03 +0000  /usr/bin/rsync exited with 0
2023-08-02 14:35:03 +0000  Running /usr/bin/ditto '-V' '-c' '-k' '--norsrc' '/var/folders/l2/m74_vhcx4d901w1y1j1k5dkh0000gn/T/XcodeDistPipeline.~~~zsa1If/Root' '/var/folders/l2/m74_vhcx4d901w1y1j1k5dkh0000gn/T/XcodeDistPipeline.~~~zsa1If/Packages/LisAuthenticator.ipa'
2023-08-02 14:35:03 +0000  >>> Copying /var/folders/l2/m74_vhcx4d901w1y1j1k5dkh0000gn/T/XcodeDistPipeline.~~~zsa1If/Root 
2023-08-02 14:35:03 +0000  copying file ./Payload/LisAuthenticator.app/_CodeSignature/CodeResources ... 
2023-08-02 14:35:03 +0000  16954 bytes for ./Payload/LisAuthenticator.app/_CodeSignature/CodeResources
2023-08-02 14:35:03 +0000  copying file ./Payload/LisAuthenticator.app/Roboto-Medium.ttf ... 
2023-08-02 14:35:03 +0000  171656 bytes for ./Payload/LisAuthenticator.app/Roboto-Medium.ttf
2023-08-02 14:35:03 +0000  copying file ./Payload/LisAuthenticator.app/Roboto-Regular.ttf ... 
2023-08-02 14:35:03 +0000  171272 bytes for ./Payload/LisAuthenticator.app/Roboto-Regular.ttf
2023-08-02 14:35:03 +0000  copying file ./Payload/LisAuthenticator.app/AppIcon60x60@2x.png ... 
2023-08-02 14:35:03 +0000  8112 bytes for ./Payload/LisAuthenticator.app/AppIcon60x60@2x.png
2023-08-02 14:35:03 +0000  copying file ./Payload/LisAuthenticator.app/AccessibilityResources.bundle/en.lproj/Localizable.strings ... 
2023-08-02 14:35:03 +0000  518 bytes for ./Payload/LisAuthenticator.app/AccessibilityResources.bundle/en.lproj/Localizable.strings
2023-08-02 14:35:03 +0000  copying file ./Payload/LisAuthenticator.app/AccessibilityResources.bundle/Info.plist ... 
2023-08-02 14:35:03 +0000  794 bytes for ./Payload/LisAuthenticator.app/AccessibilityResources.bundle/Info.plist
2023-08-02 14:35:03 +0000  copying file ./Payload/LisAuthenticator.app/LisAuthenticator ... 
2023-08-02 14:35:03 +0000  3590832 bytes for ./Payload/LisAuthenticator.app/LisAuthenticator
2023-08-02 14:35:03 +0000  copying file ./Payload/LisAuthenticator.app/Assets.car ... 
2023-08-02 14:35:03 +0000  283823 bytes for ./Payload/LisAuthenticator.app/Assets.car
copying file ./Payload/LisAuthenticator.app/main.jsbundle ... 
2023-08-02 14:35:03 +0000  5450494 bytes for ./Payload/LisAuthenticator.app/main.jsbundle
2023-08-02 14:35:03 +0000  copying file ./Payload/LisAuthenticator.app/LaunchScreen.storyboardc/01J-lp-oVM-view-Ze5-6b-2t3.nib ... 
2841 bytes for ./Payload/LisAuthenticator.app/LaunchScreen.storyboardc/01J-lp-oVM-view-Ze5-6b-2t3.nib
copying file ./Payload/LisAuthenticator.app/LaunchScreen.storyboardc/UIViewController-01J-lp-oVM.nib ... 
896 bytes for ./Payload/LisAuthenticator.app/LaunchScreen.storyboardc/UIViewController-01J-lp-oVM.nib
copying file ./Payload/LisAuthenticator.app/LaunchScreen.storyboardc/Info.plist ... 
258 bytes for ./Payload/LisAuthenticator.app/LaunchScreen.storyboardc/Info.plist
2023-08-02 14:35:03 +0000  copying file ./Payload/LisAuthenticator.app/embedded.mobileprovision ... 
2023-08-02 14:35:03 +0000  12149 bytes for ./Payload/LisAuthenticator.app/embedded.mobileprovision
2023-08-02 14:35:03 +0000  copying file ./Payload/LisAuthenticator.app/assets/node_modules/lisecmobutilities/src/utilities/images/lisec.png ... 
2023-08-02 14:35:03 +0000  31595 bytes for ./Payload/LisAuthenticator.app/assets/node_modules/lisecmobutilities/src/utilities/images/lisec.png
copying file ./Payload/LisAuthenticator.app/assets/node_modules/lisecmobutilities/src/utilities/images/initial_loader.gif ... 
2023-08-02 14:35:03 +0000  1028829 bytes for ./Payload/LisAuthenticator.app/assets/node_modules/lisecmobutilities/src/utilities/images/initial_loader.gif
2023-08-02 14:35:03 +0000  copying file ./Payload/LisAuthenticator.app/assets/node_modules/lisecmobutilities/src/utilities/images/light/logoutlight.png ... 
2023-08-02 14:35:03 +0000  1779 bytes for ./Payload/LisAuthenticator.app/assets/node_modules/lisecmobutilities/src/utilities/images/light/logoutlight.png
2023-08-02 14:35:03 +0000  copying file ./Payload/LisAuthenticator.app/assets/node_modules/lisecmobutilities/src/utilities/images/dark/logout.png ... 
2023-08-02 14:35:03 +0000  1654 bytes for ./Payload/LisAuthenticator.app/assets/node_modules/lisecmobutilities/src/utilities/images/dark/logout.png
2023-08-02 14:35:03 +0000  copying file ./Payload/LisAuthenticator.app/assets/node_modules/lisecmobutilities/src/utilities/images/dark/usericon.png ... 
2023-08-02 14:35:03 +0000  6878 bytes for ./Payload/LisAuthenticator.app/assets/node_modules/lisecmobutilities/src/utilities/images/dark/usericon.png
2023-08-02 14:35:03 +0000  copying file ./Payload/LisAuthenticator.app/assets/node_modules/limobcomponents/litable/image/right-arrow-light.png ... 
2023-08-02 14:35:03 +0000  468 bytes for ./Payload/LisAuthenticator.app/assets/node_modules/limobcomponents/litable/image/right-arrow-light.png
2023-08-02 14:35:03 +0000  copying file ./Payload/LisAuthenticator.app/assets/node_modules/limobcomponents/litable/image/tick.png ... 
2023-08-02 14:35:03 +0000  2278 bytes for ./Payload/LisAuthenticator.app/assets/node_modules/limobcomponents/litable/image/tick.png
2023-08-02 14:35:03 +0000  copying file ./Payload/LisAuthenticator.app/assets/node_modules/limobcomponents/litable/image/left-arrow.png ... 
2023-08-02 14:35:03 +0000  2646 bytes for ./Payload/LisAuthenticator.app/assets/node_modules/limobcomponents/litable/image/left-arrow.png
2023-08-02 14:35:03 +0000  copying file ./Payload/LisAuthenticator.app/assets/node_modules/limobcomponents/litable/image/clear.png ... 
2023-08-02 14:35:03 +0000  489 bytes for ./Payload/LisAuthenticator.app/assets/node_modules/limobcomponents/litable/image/clear.png
2023-08-02 14:35:03 +0000  copying file ./Payload/LisAuthenticator.app/assets/node_modules/limobcomponents/litable/image/left-arrow-light.png ... 
2023-08-02 14:35:03 +0000  457 bytes for ./Payload/LisAuthenticator.app/assets/node_modules/limobcomponents/litable/image/left-arrow-light.png
2023-08-02 14:35:03 +0000  copying file ./Payload/LisAuthenticator.app/assets/node_modules/limobcomponents/litable/image/right-arrow-dark.png ... 
2023-08-02 14:35:03 +0000  2601 bytes for ./Payload/LisAuthenticator.app/assets/node_modules/limobcomponents/litable/image/right-arrow-dark.png
2023-08-02 14:35:03 +0000  copying file ./Payload/LisAuthenticator.app/assets/node_modules/limobcomponents/litable/image/checktick.png ... 
2023-08-02 14:35:03 +0000  464 bytes for ./Payload/LisAuthenticator.app/assets/node_modules/limobcomponents/litable/image/checktick.png
2023-08-02 14:35:03 +0000  copying file ./Payload/LisAuthenticator.app/assets/node_modules/limobcomponents/litable/image/close.png ... 
2023-08-02 14:35:03 +0000  15358 bytes for ./Payload/LisAuthenticator.app/assets/node_modules/limobcomponents/litable/image/close.png
2023-08-02 14:35:03 +0000  copying file ./Payload/LisAuthenticator.app/assets/node_modules/react-native-router-flux/images/menu_burger.png ... 
2023-08-02 14:35:03 +0000  706 bytes for ./Payload/LisAuthenticator.app/assets/node_modules/react-native-router-flux/images/menu_burger.png
2023-08-02 14:35:03 +0000  copying file ./Payload/LisAuthenticator.app/assets/node_modules/react-native-router-flux/images/back_chevron.png ... 
2023-08-02 14:35:03 +0000  575 bytes for ./Payload/LisAuthenticator.app/assets/node_modules/react-native-router-flux/images/back_chevron.png
2023-08-02 14:35:03 +0000  copying file ./Payload/LisAuthenticator.app/assets/node_modules/react-navigation-stack/lib/module/vendor/views/assets/back-icon@3x.png ... 
2023-08-02 14:35:03 +0000  761 bytes for ./Payload/LisAuthenticator.app/assets/node_modules/react-navigation-stack/lib/module/vendor/views/assets/back-icon@3x.png
2023-08-02 14:35:03 +0000  copying file ./Payload/LisAuthenticator.app/assets/node_modules/react-navigation-stack/lib/module/vendor/views/assets/back-icon@2x.png ... 
2023-08-02 14:35:03 +0000  405 bytes for ./Payload/LisAuthenticator.app/assets/node_modules/react-navigation-stack/lib/module/vendor/views/assets/back-icon@2x.png
2023-08-02 14:35:03 +0000  copying file ./Payload/LisAuthenticator.app/assets/node_modules/react-navigation-stack/lib/module/vendor/views/assets/back-icon.png ... 
2023-08-02 14:35:03 +0000  290 bytes for ./Payload/LisAuthenticator.app/assets/node_modules/react-navigation-stack/lib/module/vendor/views/assets/back-icon.png
2023-08-02 14:35:03 +0000  copying file ./Payload/LisAuthenticator.app/assets/node_modules/react-navigation-stack/lib/module/vendor/views/assets/back-icon-mask.png ... 
2023-08-02 14:35:03 +0000  913 bytes for ./Payload/LisAuthenticator.app/assets/node_modules/react-navigation-stack/lib/module/vendor/views/assets/back-icon-mask.png
2023-08-02 14:35:03 +0000  copying file ./Payload/LisAuthenticator.app/assets/src/image/LisAuthenticator.png ... 
2023-08-02 14:35:03 +0000  11564 bytes for ./Payload/LisAuthenticator.app/assets/src/image/LisAuthenticator.png
2023-08-02 14:35:03 +0000  copying file ./Payload/LisAuthenticator.app/assets/src/image/drawer.png ... 
2023-08-02 14:35:03 +0000  1860 bytes for ./Payload/LisAuthenticator.app/assets/src/image/drawer.png
2023-08-02 14:35:03 +0000  copying file ./Payload/LisAuthenticator.app/assets/src/image/scanner.png ... 
2023-08-02 14:35:03 +0000  7655 bytes for ./Payload/LisAuthenticator.app/assets/src/image/scanner.png
2023-08-02 14:35:03 +0000  copying file ./Payload/LisAuthenticator.app/assets/src/image/light/homeicon.png ... 
2023-08-02 14:35:03 +0000  4215 bytes for ./Payload/LisAuthenticator.app/assets/src/image/light/homeicon.png
2023-08-02 14:35:03 +0000  copying file ./Payload/LisAuthenticator.app/assets/src/image/light/accounticonlight.png ... 
2023-08-02 14:35:03 +0000  7251 bytes for ./Payload/LisAuthenticator.app/assets/src/image/light/accounticonlight.png
2023-08-02 14:35:03 +0000  copying file ./Payload/LisAuthenticator.app/assets/src/image/light/usericon.png ... 
2023-08-02 14:35:03 +0000  7251 bytes for ./Payload/LisAuthenticator.app/assets/src/image/light/usericon.png
2023-08-02 14:35:03 +0000  copying file ./Payload/LisAuthenticator.app/assets/src/image/light/secured_password.png ... 
2023-08-02 14:35:03 +0000  14162 bytes for ./Payload/LisAuthenticator.app/assets/src/image/light/secured_password.png
2023-08-02 14:35:03 +0000  copying file ./Payload/LisAuthenticator.app/assets/src/image/light/QR_CODE.png ... 
2023-08-02 14:35:03 +0000  13782 bytes for ./Payload/LisAuthenticator.app/assets/src/image/light/QR_CODE.png
2023-08-02 14:35:03 +0000  copying file ./Payload/LisAuthenticator.app/assets/src/image/light/settingsiconlight.png ... 
2023-08-02 14:35:03 +0000  9628 bytes for ./Payload/LisAuthenticator.app/assets/src/image/light/settingsiconlight.png
2023-08-02 14:35:03 +0000  copying file ./Payload/LisAuthenticator.app/assets/src/image/light/settingsicon.png ... 
2023-08-02 14:35:03 +0000  9628 bytes for ./Payload/LisAuthenticator.app/assets/src/image/light/settingsicon.png
2023-08-02 14:35:03 +0000  copying file ./Payload/LisAuthenticator.app/assets/src/image/light/about.png ... 
2023-08-02 14:35:03 +0000  2155 bytes for ./Payload/LisAuthenticator.app/assets/src/image/light/about.png
2023-08-02 14:35:03 +0000  copying file ./Payload/LisAuthenticator.app/assets/src/image/light/reload.png ... 
2023-08-02 14:35:03 +0000  14287 bytes for ./Payload/LisAuthenticator.app/assets/src/image/light/reload.png
2023-08-02 14:35:03 +0000  copying file ./Payload/LisAuthenticator.app/assets/src/image/dark/homeicon.png ... 
2023-08-02 14:35:03 +0000  3313 bytes for ./Payload/LisAuthenticator.app/assets/src/image/dark/homeicon.png
2023-08-02 14:35:03 +0000  copying file ./Payload/LisAuthenticator.app/assets/src/image/dark/settingsicondark.png ... 
2023-08-02 14:35:03 +0000  8054 bytes for ./Payload/LisAuthenticator.app/assets/src/image/dark/settingsicondark.png
2023-08-02 14:35:03 +0000  copying file ./Payload/LisAuthenticator.app/assets/src/image/dark/accounticondark.png ... 
2023-08-02 14:35:03 +0000  6878 bytes for ./Payload/LisAuthenticator.app/assets/src/image/dark/accounticondark.png
2023-08-02 14:35:03 +0000  copying file ./Payload/LisAuthenticator.app/assets/src/image/dark/usericon.png ... 
2023-08-02 14:35:03 +0000  6878 bytes for ./Payload/LisAuthenticator.app/assets/src/image/dark/usericon.png
2023-08-02 14:35:03 +0000  copying file ./Payload/LisAuthenticator.app/assets/src/image/dark/secured_password.png ... 
2023-08-02 14:35:03 +0000  15204 bytes for ./Payload/LisAuthenticator.app/assets/src/image/dark/secured_password.png
2023-08-02 14:35:03 +0000  copying file ./Payload/LisAuthenticator.app/assets/src/image/dark/QR_CODE.png ... 
2023-08-02 14:35:03 +0000  12106 bytes for ./Payload/LisAuthenticator.app/assets/src/image/dark/QR_CODE.png
2023-08-02 14:35:03 +0000  copying file ./Payload/LisAuthenticator.app/assets/src/image/dark/settingsicon.png ... 
2023-08-02 14:35:03 +0000  8054 bytes for ./Payload/LisAuthenticator.app/assets/src/image/dark/settingsicon.png
2023-08-02 14:35:03 +0000  copying file ./Payload/LisAuthenticator.app/assets/src/image/dark/about.png ... 
2023-08-02 14:35:03 +0000  5293 bytes for ./Payload/LisAuthenticator.app/assets/src/image/dark/about.png
2023-08-02 14:35:03 +0000  copying file ./Payload/LisAuthenticator.app/assets/src/image/dark/refresh.png ... 
2023-08-02 14:35:03 +0000  19720 bytes for ./Payload/LisAuthenticator.app/assets/src/image/dark/refresh.png
2023-08-02 14:35:03 +0000  copying file ./Payload/LisAuthenticator.app/assets/src/image/backArrow.png ... 
2023-08-02 14:35:03 +0000  379 bytes for ./Payload/LisAuthenticator.app/assets/src/image/backArrow.png
2023-08-02 14:35:03 +0000  copying file ./Payload/LisAuthenticator.app/assets/src/image/lisauthtransparent.png ... 
2023-08-02 14:35:03 +0000  9480 bytes for ./Payload/LisAuthenticator.app/assets/src/image/lisauthtransparent.png
2023-08-02 14:35:03 +0000  copying file ./Payload/LisAuthenticator.app/Info.plist ... 
2023-08-02 14:35:03 +0000  1725 bytes for ./Payload/LisAuthenticator.app/Info.plist
2023-08-02 14:35:03 +0000  copying file ./Payload/LisAuthenticator.app/PkgInfo ... 
8 bytes for ./Payload/LisAuthenticator.app/PkgInfo
2023-08-02 14:35:03 +0000  copying file ./Symbols/A54086B9-209C-3B46-9397-3A3F12E80429.symbols ... 
2023-08-02 14:35:03 +0000  7844860 bytes for ./Symbols/A54086B9-209C-3B46-9397-3A3F12E80429.symbols
2023-08-02 14:35:03 +0000  /usr/bin/ditto exited with 0
2023-08-02 14:35:03 +0000  Processing step: IDEDistributionAppStoreInformationStep
2023-08-02 14:35:03 +0000  Skipping step: IDEDistributionAppStoreInformationStep because it said so
2023-08-02 14:35:03 +0000  Processing step: IDEDistributionGenerateProcessedDistributionItems
2023-08-02 14:35:03 +0000  IDEDistributionItem init <DVTFilePath:0x60003870ba30:'/var/folders/l2/m74_vhcx4d901w1y1j1k5dkh0000gn/T/XcodeDistPipeline.~~~zsa1If/Root/Payload/LisAuthenticator.app'>
2023-08-02 14:35:03 +0000  Processing step: IDEDistributionCreateManifestStep
2023-08-02 14:35:03 +0000  Skipping step: IDEDistributionCreateManifestStep because it said so
